Script started on Суб 15 Врс 2018 12:29:25
RUBY_VERSION: 2.5.1
Curl::CURB_VERSION: 0.9.6
OpenSSL::OPENSSL_VERSION: OpenSSL 1.0.2g  1 Mar 2016
TARGET_URL: https://ietf.org
PROXY_URL: 127.0.0.1:8888
RUBY_TIMEOUT: 0.1
0
Rebuilt URL to: https://ietf.org/
0
  Trying 127.0.0.1...
0
Connected to 127.0.0.1 (127.0.0.1) port 8888 (#0)
0
Establish HTTP proxy tunnel to ietf.org:443
2
CONNECT ietf.org:443 HTTP/1.1
Host: ietf.org:443
Proxy-Connection: Keep-Alive

./curb_fail.rb:36: [BUG] Segmentation fault at 0x00007ffc9c000000
ruby 2.5.1p57 (2018-03-29 revision 63029) [x86_64-linux]

-- Control frame information -----------------------------------------------
c:0004 p:---- s:0016 e:000015 CFUNC  :close
c:0003 p:0005 s:0012 e:000011 RESCUE ./curb_fail.rb:36
c:0002 p:0268 s:0008 E:001570 EVAL   ./curb_fail.rb:36 [FINISH]
c:0001 p:0000 s:0003 E:001980 (none) [FINISH]

-- Ruby level backtrace information ----------------------------------------
./curb_fail.rb:36:in `<main>'
./curb_fail.rb:36:in `ensure in <main>'
./curb_fail.rb:36:in `close'

-- Machine register context ------------------------------------------------
 RIP: 0x00007f87cc1f9532 RBP: 0x00007f87ca3a00a8 RSP: 0x00007ffc9d5137c0
 RAX: 0x00007ffc9c000000 RBX: 0x0000000001af7c40 RCX: 0x00007f87cc26c900
 RDX: 0x0000000000000000 RDI: 0x00007f87cc539b20 RSI: 0x00007ffc9d512b20
  R8: 0x0000000001a58ba0  R9: 0x0000000000000001 R10: 0x0000000000000002
 R11: 0x0000000000000000 R12: 0x0000000000000001 R13: 0x0000000000000000
 R14: 0x0000000001af7c50 R15: 0x00007f87ca3a00a8 EFL: 0x0000000000010206

-- C level backtrace information -------------------------------------------
/home/user/.rvm/rubies/ruby-2.5.1/bin/../lib/libruby.so.2.5(rb_vm_bugreport+0x4f3) [0x7f87cc76eea3]
/home/user/.rvm/rubies/ruby-2.5.1/bin/../lib/libruby.so.2.5(0xabb84) [0x7f87cc5eab84]
/home/user/.rvm/rubies/ruby-2.5.1/bin/../lib/libruby.so.2.5(0x1a2312) [0x7f87cc6e1312]
/lib/x86_64-linux-gnu/libc.so.6(0x7f87cc1aa4b0) [0x7f87cc1aa4b0]
/lib/x86_64-linux-gnu/libc.so.6(free+0x42) [0x7f87cc1f9532] malloc.c:2967
/usr/lib/x86_64-linux-gnu/libcurl.so.4(0x7f87ca153c2a) [0x7f87ca153c2a]
/usr/lib/x86_64-linux-gnu/libcurl.so.4(0x7f87ca15414c) [0x7f87ca15414c]
/usr/lib/x86_64-linux-gnu/libcurl.so.4(curl_multi_remove_handle+0xe7) [0x7f87ca167a67]
/usr/lib/x86_64-linux-gnu/libcurl.so.4(0x7f87ca153c8a) [0x7f87ca153c8a]
/usr/lib/x86_64-linux-gnu/libcurl.so.4(curl_easy_cleanup+0x3d) [0x7f87ca15fb7d]
/home/user/.rvm/gems/ruby-2.5.1/gems/curb-0.9.6/lib/curb_core.so(ruby_curl_easy_close+0x104) [0x7f87ca3ac404]
/home/user/.rvm/rubies/ruby-2.5.1/bin/../lib/libruby.so.2.5(0x2122e0) [0x7f87cc7512e0]
/home/user/.rvm/rubies/ruby-2.5.1/bin/../lib/libruby.so.2.5(0x224e23) [0x7f87cc763e23]
/home/user/.rvm/rubies/ruby-2.5.1/bin/../lib/libruby.so.2.5(0x21de59) [0x7f87cc75ce59]
/home/user/.rvm/rubies/ruby-2.5.1/bin/../lib/libruby.so.2.5(0x2218e7) [0x7f87cc7608e7]
/home/user/.rvm/rubies/ruby-2.5.1/bin/../lib/libruby.so.2.5(0xb2057) [0x7f87cc5f1057]
/home/user/.rvm/rubies/ruby-2.5.1/bin/../lib/libruby.so.2.5(ruby_exec_node+0x1d) [0x7f87cc5f2e3d]
/home/user/.rvm/rubies/ruby-2.5.1/bin/../lib/libruby.so.2.5(ruby_run_node+0x1e) [0x7f87cc5f67fe]
/home/user/.rvm/rubies/ruby-2.5.1/bin/ruby(main+0x4b) [0x40085b] ./main.c:42

-- Other runtime information -----------------------------------------------

* Loaded script: ./curb_fail.rb

* Loaded features:

    0 enumerator.so
    1 thread.rb
    2 rational.so
    3 complex.so
    4 /home/user/.rvm/rubies/ruby-2.5.1/lib/ruby/2.5.0/x86_64-linux/enc/encdb.so
    5 /home/user/.rvm/rubies/ruby-2.5.1/lib/ruby/2.5.0/x86_64-linux/enc/trans/transdb.so
    6 /home/user/.rvm/rubies/ruby-2.5.1/lib/ruby/2.5.0/x86_64-linux/rbconfig.rb
    7 /home/user/.rvm/rubies/ruby-2.5.1/lib/ruby/2.5.0/rubygems/compatibility.rb
    8 /home/user/.rvm/rubies/ruby-2.5.1/lib/ruby/2.5.0/rubygems/defaults.rb
    9 /home/user/.rvm/rubies/ruby-2.5.1/lib/ruby/2.5.0/rubygems/deprecate.rb
   10 /home/user/.rvm/rubies/ruby-2.5.1/lib/ruby/2.5.0/rubygems/errors.rb
   11 /home/user/.rvm/rubies/ruby-2.5.1/lib/ruby/2.5.0/rubygems/version.rb
   12 /home/user/.rvm/rubies/ruby-2.5.1/lib/ruby/2.5.0/rubygems/requirement.rb
   13 /home/user/.rvm/rubies/ruby-2.5.1/lib/ruby/2.5.0/rubygems/platform.rb
   14 /home/user/.rvm/rubies/ruby-2.5.1/lib/ruby/2.5.0/rubygems/basic_specification.rb
   15 /home/user/.rvm/rubies/ruby-2.5.1/lib/ruby/2.5.0/rubygems/stub_specification.rb
   16 /home/user/.rvm/rubies/ruby-2.5.1/lib/ruby/2.5.0/rubygems/util/list.rb
   17 /home/user/.rvm/rubies/ruby-2.5.1/lib/ruby/2.5.0/x86_64-linux/stringio.so
   18 /home/user/.rvm/rubies/ruby-2.5.1/lib/ruby/2.5.0/uri/rfc2396_parser.rb
   19 /home/user/.rvm/rubies/ruby-2.5.1/lib/ruby/2.5.0/uri/rfc3986_parser.rb
   20 /home/user/.rvm/rubies/ruby-2.5.1/lib/ruby/2.5.0/uri/common.rb
   21 /home/user/.rvm/rubies/ruby-2.5.1/lib/ruby/2.5.0/uri/generic.rb
   22 /home/user/.rvm/rubies/ruby-2.5.1/lib/ruby/2.5.0/uri/ftp.rb
   23 /home/user/.rvm/rubies/ruby-2.5.1/lib/ruby/2.5.0/uri/http.rb
   24 /home/user/.rvm/rubies/ruby-2.5.1/lib/ruby/2.5.0/uri/https.rb
   25 /home/user/.rvm/rubies/ruby-2.5.1/lib/ruby/2.5.0/uri/ldap.rb
   26 /home/user/.rvm/rubies/ruby-2.5.1/lib/ruby/2.5.0/uri/ldaps.rb
   27 /home/user/.rvm/rubies/ruby-2.5.1/lib/ruby/2.5.0/uri/mailto.rb
   28 /home/user/.rvm/rubies/ruby-2.5.1/lib/ruby/2.5.0/uri.rb
   29 /home/user/.rvm/rubies/ruby-2.5.1/lib/ruby/2.5.0/rubygems/specification.rb
   30 /home/user/.rvm/rubies/ruby-2.5.1/lib/ruby/2.5.0/rubygems/exceptions.rb
   31 /home/user/.rvm/rubies/ruby-2.5.1/lib/ruby/2.5.0/rubygems/dependency.rb
   32 /home/user/.rvm/rubies/ruby-2.5.1/lib/ruby/2.5.0/rubygems/core_ext/kernel_gem.rb
   33 /home/user/.rvm/rubies/ruby-2.5.1/lib/ruby/2.5.0/monitor.rb
   34 /home/user/.rvm/rubies/ruby-2.5.1/lib/ruby/2.5.0/rubygems/core_ext/kernel_require.rb
   35 /home/user/.rvm/rubies/ruby-2.5.1/lib/ruby/2.5.0/rubygems.rb
   36 /home/user/.rvm/rubies/ruby-2.5.1/lib/ruby/2.5.0/rubygems/path_support.rb
   37 /home/user/.rvm/rubies/ruby-2.5.1/lib/ruby/gems/2.5.0/gems/did_you_mean-1.2.0/lib/did_you_mean/version.rb
   38 /home/user/.rvm/rubies/ruby-2.5.1/lib/ruby/gems/2.5.0/gems/did_you_mean-1.2.0/lib/did_you_mean/core_ext/name_error.rb
   39 /home/user/.rvm/rubies/ruby-2.5.1/lib/ruby/gems/2.5.0/gems/did_you_mean-1.2.0/lib/did_you_mean/levenshtein.rb
   40 /home/user/.rvm/rubies/ruby-2.5.1/lib/ruby/gems/2.5.0/gems/did_you_mean-1.2.0/lib/did_you_mean/jaro_winkler.rb
   41 /home/user/.rvm/rubies/ruby-2.5.1/lib/ruby/gems/2.5.0/gems/did_you_mean-1.2.0/lib/did_you_mean/spell_checker.rb
   42 /home/user/.rvm/rubies/ruby-2.5.1/lib/ruby/2.5.0/delegate.rb
   43 /home/user/.rvm/rubies/ruby-2.5.1/lib/ruby/gems/2.5.0/gems/did_you_mean-1.2.0/lib/did_you_mean/spell_checkers/name_error_checkers/class_name_checker.rb
   44 /home/user/.rvm/rubies/ruby-2.5.1/lib/ruby/gems/2.5.0/gems/did_you_mean-1.2.0/lib/did_you_mean/spell_checkers/name_error_checkers/variable_name_checker.rb
   45 /home/user/.rvm/rubies/ruby-2.5.1/lib/ruby/gems/2.5.0/gems/did_you_mean-1.2.0/lib/did_you_mean/spell_checkers/name_error_checkers.rb
   46 /home/user/.rvm/rubies/ruby-2.5.1/lib/ruby/gems/2.5.0/gems/did_you_mean-1.2.0/lib/did_you_mean/spell_checkers/method_name_checker.rb
   47 /home/user/.rvm/rubies/ruby-2.5.1/lib/ruby/gems/2.5.0/gems/did_you_mean-1.2.0/lib/did_you_mean/spell_checkers/key_error_checker.rb
   48 /home/user/.rvm/rubies/ruby-2.5.1/lib/ruby/gems/2.5.0/gems/did_you_mean-1.2.0/lib/did_you_mean/spell_checkers/null_checker.rb
   49 /home/user/.rvm/rubies/ruby-2.5.1/lib/ruby/gems/2.5.0/gems/did_you_mean-1.2.0/lib/did_you_mean/formatters/plain_formatter.rb
   50 /home/user/.rvm/rubies/ruby-2.5.1/lib/ruby/gems/2.5.0/gems/did_you_mean-1.2.0/lib/did_you_mean.rb
   51 /home/user/.rvm/rubies/ruby-2.5.1/lib/ruby/2.5.0/rubygems/bundler_version_finder.rb
   52 /home/user/.rvm/rubies/ruby-2.5.1/lib/ruby/2.5.0/rubygems/util.rb
   53 /home/user/.rvm/gems/ruby-2.5.1/gems/curb-0.9.6/lib/curb_core.so
   54 /home/user/.rvm/gems/ruby-2.5.1/gems/curb-0.9.6/lib/curl/easy.rb
   55 /home/user/.rvm/gems/ruby-2.5.1/gems/curb-0.9.6/lib/curl/multi.rb
   56 /home/user/.rvm/rubies/ruby-2.5.1/lib/ruby/2.5.0/cgi/core.rb
   57 /home/user/.rvm/rubies/ruby-2.5.1/lib/ruby/2.5.0/x86_64-linux/cgi/escape.so
   58 /home/user/.rvm/rubies/ruby-2.5.1/lib/ruby/2.5.0/cgi/util.rb
   59 /home/user/.rvm/rubies/ruby-2.5.1/lib/ruby/2.5.0/cgi/cookie.rb
   60 /home/user/.rvm/rubies/ruby-2.5.1/lib/ruby/2.5.0/cgi.rb
   61 /home/user/.rvm/gems/ruby-2.5.1/gems/curb-0.9.6/lib/curl.rb
   62 /home/user/.rvm/rubies/ruby-2.5.1/lib/ruby/2.5.0/timeout.rb
   63 /home/user/.rvm/rubies/ruby-2.5.1/lib/ruby/2.5.0/x86_64-linux/digest.so
   64 /home/user/.rvm/rubies/ruby-2.5.1/lib/ruby/2.5.0/digest.rb
   65 /home/user/.rvm/rubies/ruby-2.5.1/lib/ruby/2.5.0/x86_64-linux/openssl.so
   66 /home/user/.rvm/rubies/ruby-2.5.1/lib/ruby/2.5.0/openssl/bn.rb
   67 /home/user/.rvm/rubies/ruby-2.5.1/lib/ruby/2.5.0/openssl/pkey.rb
   68 /home/user/.rvm/rubies/ruby-2.5.1/lib/ruby/2.5.0/openssl/cipher.rb
   69 /home/user/.rvm/rubies/ruby-2.5.1/lib/ruby/2.5.0/openssl/config.rb
   70 /home/user/.rvm/rubies/ruby-2.5.1/lib/ruby/2.5.0/openssl/digest.rb
   71 /home/user/.rvm/rubies/ruby-2.5.1/lib/ruby/2.5.0/openssl/x509.rb
   72 /home/user/.rvm/rubies/ruby-2.5.1/lib/ruby/2.5.0/openssl/buffering.rb
   73 /home/user/.rvm/rubies/ruby-2.5.1/lib/ruby/2.5.0/x86_64-linux/io/nonblock.so
   74 /home/user/.rvm/rubies/ruby-2.5.1/lib/ruby/2.5.0/openssl/ssl.rb
   75 /home/user/.rvm/rubies/ruby-2.5.1/lib/ruby/2.5.0/openssl/pkcs5.rb
   76 /home/user/.rvm/rubies/ruby-2.5.1/lib/ruby/2.5.0/openssl.rb

* Process memory map:

00400000-00401000 r-xp 00000000 08:01 393997                             /home/user/.rvm/rubies/ruby-2.5.1/bin/ruby
00600000-00601000 r--p 00000000 08:01 393997                             /home/user/.rvm/rubies/ruby-2.5.1/bin/ruby
00601000-00602000 rw-p 00001000 08:01 393997                             /home/user/.rvm/rubies/ruby-2.5.1/bin/ruby
01584000-01b2a000 rw-p 00000000 00:00 0                                  [heap]
7f87bf6ce000-7f87c0000000 r--s 00000000 08:01 4435                       /usr/lib/debug/lib/x86_64-linux-gnu/libc-2.23.so
7f87c0000000-7f87c0021000 rw-p 00000000 00:00 0 
7f87c0021000-7f87c4000000 ---p 00000000 00:00 0 
7f87c43a2000-7f87c456b000 r--s 00000000 08:01 267049                     /lib/x86_64-linux-gnu/libc-2.23.so
7f87c456b000-7f87c4c7a000 r--s 00000000 08:01 436018                     /home/user/.rvm/rubies/ruby-2.5.1/lib/libruby.so.2.5.1
7f87c4c7a000-7f87c4c90000 r-xp 00000000 08:01 267087                     /lib/x86_64-linux-gnu/libgcc_s.so.1
7f87c4c90000-7f87c4e8f000 ---p 00016000 08:01 267087                     /lib/x86_64-linux-gnu/libgcc_s.so.1
7f87c4e8f000-7f87c4e90000 rw-p 00015000 08:01 267087                     /lib/x86_64-linux-gnu/libgcc_s.so.1
7f87c4e90000-7f87c4e91000 ---p 00000000 00:00 0 
7f87c4e91000-7f87c5092000 rw-p 00000000 00:00 0 
7f87c5092000-7f87c5093000 r-xp 00000000 08:01 435904                     /home/user/.rvm/rubies/ruby-2.5.1/lib/ruby/2.5.0/x86_64-linux/io/nonblock.so
7f87c5093000-7f87c5293000 ---p 00001000 08:01 435904                     /home/user/.rvm/rubies/ruby-2.5.1/lib/ruby/2.5.0/x86_64-linux/io/nonblock.so
7f87c5293000-7f87c5294000 r--p 00001000 08:01 435904                     /home/user/.rvm/rubies/ruby-2.5.1/lib/ruby/2.5.0/x86_64-linux/io/nonblock.so
7f87c5294000-7f87c5295000 rw-p 00002000 08:01 435904                     /home/user/.rvm/rubies/ruby-2.5.1/lib/ruby/2.5.0/x86_64-linux/io/nonblock.so
7f87c5295000-7f87c5298000 r-xp 00000000 08:01 435871                     /home/user/.rvm/rubies/ruby-2.5.1/lib/ruby/2.5.0/x86_64-linux/digest.so
7f87c5298000-7f87c5498000 ---p 00003000 08:01 435871                     /home/user/.rvm/rubies/ruby-2.5.1/lib/ruby/2.5.0/x86_64-linux/digest.so
7f87c5498000-7f87c5499000 r--p 00003000 08:01 435871                     /home/user/.rvm/rubies/ruby-2.5.1/lib/ruby/2.5.0/x86_64-linux/digest.so
7f87c5499000-7f87c549a000 rw-p 00004000 08:01 435871                     /home/user/.rvm/rubies/ruby-2.5.1/lib/ruby/2.5.0/x86_64-linux/digest.so
7f87c549a000-7f87c54f1000 r-xp 00000000 08:01 435886                     /home/user/.rvm/rubies/ruby-2.5.1/lib/ruby/2.5.0/x86_64-linux/openssl.so
7f87c54f1000-7f87c56f0000 ---p 00057000 08:01 435886                     /home/user/.rvm/rubies/ruby-2.5.1/lib/ruby/2.5.0/x86_64-linux/openssl.so
7f87c56f0000-7f87c56f2000 r--p 00056000 08:01 435886                     /home/user/.rvm/rubies/ruby-2.5.1/lib/ruby/2.5.0/x86_64-linux/openssl.so
7f87c56f2000-7f87c56f4000 rw-p 00058000 08:01 435886                     /home/user/.rvm/rubies/ruby-2.5.1/lib/ruby/2.5.0/x86_64-linux/openssl.so
7f87c56f4000-7f87c56f5000 rw-p 00000000 00:00 0 
7f87c56f5000-7f87c56f8000 r-xp 00000000 08:01 435882                     /home/user/.rvm/rubies/ruby-2.5.1/lib/ruby/2.5.0/x86_64-linux/cgi/escape.so
7f87c56f8000-7f87c58f7000 ---p 00003000 08:01 435882                     /home/user/.rvm/rubies/ruby-2.5.1/lib/ruby/2.5.0/x86_64-linux/cgi/escape.so
7f87c58f7000-7f87c58f8000 r--p 00002000 08:01 435882                     /home/user/.rvm/rubies/ruby-2.5.1/lib/ruby/2.5.0/x86_64-linux/cgi/escape.so
7f87c58f8000-7f87c58f9000 rw-p 00003000 08:01 435882                     /home/user/.rvm/rubies/ruby-2.5.1/lib/ruby/2.5.0/x86_64-linux/cgi/escape.so
7f87c58f9000-7f87c59c8000 r-xp 00000000 08:01 14260                      /usr/lib/x86_64-linux-gnu/libsqlite3.so.0.8.6
7f87c59c8000-7f87c5bc8000 ---p 000cf000 08:01 14260                      /usr/lib/x86_64-linux-gnu/libsqlite3.so.0.8.6
7f87c5bc8000-7f87c5bcb000 r--p 000cf000 08:01 14260                      /usr/lib/x86_64-linux-gnu/libsqlite3.so.0.8.6
7f87c5bcb000-7f87c5bcd000 rw-p 000d2000 08:01 14260                      /usr/lib/x86_64-linux-gnu/libsqlite3.so.0.8.6
7f87c5bcd000-7f87c5bce000 rw-p 00000000 00:00 0 
7f87c5bce000-7f87c5c15000 r-xp 00000000 08:01 13772                      /usr/lib/x86_64-linux-gnu/libhx509.so.5.0.0
7f87c5c15000-7f87c5e14000 ---p 00047000 08:01 13772                      /usr/lib/x86_64-linux-gnu/libhx509.so.5.0.0
7f87c5e14000-7f87c5e16000 r--p 00046000 08:01 13772                      /usr/lib/x86_64-linux-gnu/libhx509.so.5.0.0
7f87c5e16000-7f87c5e18000 rw-p 00048000 08:01 13772                      /usr/lib/x86_64-linux-gnu/libhx509.so.5.0.0
7f87c5e18000-7f87c5e19000 rw-p 00000000 00:00 0 
7f87c5e19000-7f87c5e27000 r-xp 00000000 08:01 13754                      /usr/lib/x86_64-linux-gnu/libheimbase.so.1.0.0
7f87c5e27000-7f87c6026000 ---p 0000e000 08:01 13754                      /usr/lib/x86_64-linux-gnu/libheimbase.so.1.0.0
7f87c6026000-7f87c6027000 r--p 0000d000 08:01 13754                      /usr/lib/x86_64-linux-gnu/libheimbase.so.1.0.0
7f87c6027000-7f87c6028000 rw-p 0000e000 08:01 13754                      /usr/lib/x86_64-linux-gnu/libheimbase.so.1.0.0
7f87c6028000-7f87c604f000 r-xp 00000000 08:01 14435                      /usr/lib/x86_64-linux-gnu/libwind.so.0.0.0
7f87c604f000-7f87c624f000 ---p 00027000 08:01 14435                      /usr/lib/x86_64-linux-gnu/libwind.so.0.0.0
7f87c624f000-7f87c6250000 r--p 00027000 08:01 14435                      /usr/lib/x86_64-linux-gnu/libwind.so.0.0.0
7f87c6250000-7f87c6251000 rw-p 00028000 08:01 14435                      /usr/lib/x86_64-linux-gnu/libwind.so.0.0.0
7f87c6251000-7f87c6258000 r-xp 00000000 08:01 13487                      /usr/lib/x86_64-linux-gnu/libffi.so.6.0.4
7f87c6258000-7f87c6457000 ---p 00007000 08:01 13487                      /usr/lib/x86_64-linux-gnu/libffi.so.6.0.4
7f87c6457000-7f87c6458000 r--p 00006000 08:01 13487                      /usr/lib/x86_64-linux-gnu/libffi.so.6.0.4
7f87c6458000-7f87c6459000 rw-p 00007000 08:01 13487                      /usr/lib/x86_64-linux-gnu/libffi.so.6.0.4
7f87c6459000-7f87c646e000 r-xp 00000000 08:01 14174                      /usr/lib/x86_64-linux-gnu/libroken.so.18.1.0
7f87c646e000-7f87c666d000 ---p 00015000 08:01 14174                      /usr/lib/x86_64-linux-gnu/libroken.so.18.1.0
7f87c666d000-7f87c666e000 r--p 00014000 08:01 14174                      /usr/lib/x86_64-linux-gnu/libroken.so.18.1.0
7f87c666e000-7f87c666f000 rw-p 00015000 08:01 14174                      /usr/lib/x86_64-linux-gnu/libroken.so.18.1.0
7f87c666f000-7f87c669f000 r-xp 00000000 08:01 13752                      /usr/lib/x86_64-linux-gnu/libhcrypto.so.4.1.0
7f87c669f000-7f87c689f000 ---p 00030000 08:01 13752                      /usr/lib/x86_64-linux-gnu/libhcrypto.so.4.1.0
7f87c689f000-7f87c68a0000 r--p 00030000 08:01 13752                      /usr/lib/x86_64-linux-gnu/libhcrypto.so.4.1.0
7f87c68a0000-7f87c68a1000 rw-p 00031000 08:01 13752                      /usr/lib/x86_64-linux-gnu/libhcrypto.so.4.1.0
7f87c68a1000-7f87c68a2000 rw-p 00000000 00:00 0 
7f87c68a2000-7f87c6941000 r-xp 00000000 08:01 13189                      /usr/lib/x86_64-linux-gnu/libasn1.so.8.0.0
7f87c6941000-7f87c6b40000 ---p 0009f000 08:01 13189                      /usr/lib/x86_64-linux-gnu/libasn1.so.8.0.0
7f87c6b40000-7f87c6b41000 r--p 0009e000 08:01 13189                      /usr/lib/x86_64-linux-gnu/libasn1.so.8.0.0
7f87c6b41000-7f87c6b44000 rw-p 0009f000 08:01 13189                      /usr/lib/x86_64-linux-gnu/libasn1.so.8.0.0
7f87c6b44000-7f87c6bc8000 r-xp 00000000 08:01 13859                      /usr/lib/x86_64-linux-gnu/libkrb5.so.26.0.0
7f87c6bc8000-7f87c6dc7000 ---p 00084000 08:01 13859                      /usr/lib/x86_64-linux-gnu/libkrb5.so.26.0.0
7f87c6dc7000-7f87c6dca000 r--p 00083000 08:01 13859                      /usr/lib/x86_64-linux-gnu/libkrb5.so.26.0.0
7f87c6dca000-7f87c6dcd000 rw-p 00086000 08:01 13859                      /usr/lib/x86_64-linux-gnu/libkrb5.so.26.0.0
7f87c6dcd000-7f87c6dce000 rw-p 00000000 00:00 0 
7f87c6dce000-7f87c6dd6000 r-xp 00000000 08:01 13756                      /usr/lib/x86_64-linux-gnu/libheimntlm.so.0.1.0
7f87c6dd6000-7f87c6fd5000 ---p 00008000 08:01 13756                      /usr/lib/x86_64-linux-gnu/libheimntlm.so.0.1.0
7f87c6fd5000-7f87c6fd6000 r--p 00007000 08:01 13756                      /usr/lib/x86_64-linux-gnu/libheimntlm.so.0.1.0
7f87c6fd6000-7f87c6fd7000 rw-p 00008000 08:01 13756                      /usr/lib/x86_64-linux-gnu/libheimntlm.so.0.1.0
7f87c6fd7000-7f87c6fda000 r-xp 00000000 08:01 267110                     /lib/x86_64-linux-gnu/libkeyutils.so.1.5
7f87c6fda000-7f87c71d9000 ---p 00003000 08:01 267110                     /lib/x86_64-linux-gnu/libkeyutils.so.1.5
7f87c71d9000-7f87c71da000 r--p 00002000 08:01 267110                     /lib/x86_64-linux-gnu/libkeyutils.so.1.5
7f87c71da000-7f87c71db000 rw-p 00003000 08:01 267110                     /lib/x86_64-linux-gnu/libkeyutils.so.1.5
7f87c71db000-7f87c71ec000 r-xp 00000000 08:01 14279                      /usr/lib/x86_64-linux-gnu/libtasn1.so.6.5.1
7f87c71ec000-7f87c73ec000 ---p 00011000 08:01 14279                      /usr/lib/x86_64-linux-gnu/libtasn1.so.6.5.1
7f87c73ec000-7f87c73ed000 r--p 00011000 08:01 14279                      /usr/lib/x86_64-linux-gnu/libtasn1.so.6.5.1
7f87c73ed000-7f87c73ee000 rw-p 00012000 08:01 14279                      /usr/lib/x86_64-linux-gnu/libtasn1.so.6.5.1
7f87c73ee000-7f87c7447000 r-xp 00000000 08:01 14046                      /usr/lib/x86_64-linux-gnu/libp11-kit.so.0.1.0
7f87c7447000-7f87c7646000 ---p 00059000 08:01 14046                      /usr/lib/x86_64-linux-gnu/libp11-kit.so.0.1.0
7f87c7646000-7f87c7650000 r--p 00058000 08:01 14046                      /usr/lib/x86_64-linux-gnu/libp11-kit.so.0.1.0
7f87c7650000-7f87c7652000 rw-p 00062000 08:01 14046                      /usr/lib/x86_64-linux-gnu/libp11-kit.so.0.1.0
7f87c7652000-7f87c768f000 r-xp 00000000 08:01 13675                      /usr/lib/x86_64-linux-gnu/libgssapi.so.3.0.0
7f87c768f000-7f87c788f000 ---p 0003d000 08:01 13675                      /usr/lib/x86_64-linux-gnu/libgssapi.so.3.0.0
7f87c788f000-7f87c7890000 r--p 0003d000 08:01 13675                      /usr/lib/x86_64-linux-gnu/libgssapi.so.3.0.0
7f87c7890000-7f87c7892000 rw-p 0003e000 08:01 13675                      /usr/lib/x86_64-linux-gnu/libgssapi.so.3.0.0
7f87c7892000-7f87c7893000 rw-p 00000000 00:00 0 
7f87c7893000-7f87c78ac000 r-xp 00000000 08:01 14201                      /usr/lib/x86_64-linux-gnu/libsasl2.so.2.0.25
7f87c78ac000-7f87c7aac000 ---p 00019000 08:01 14201                      /usr/lib/x86_64-linux-gnu/libsasl2.so.2.0.25
7f87c7aac000-7f87c7aad000 r--p 00019000 08:01 14201                      /usr/lib/x86_64-linux-gnu/libsasl2.so.2.0.25
7f87c7aad000-7f87c7aae000 rw-p 0001a000 08:01 14201                      /usr/lib/x86_64-linux-gnu/libsasl2.so.2.0.25
7f87c7aae000-7f87c7ac5000 r-xp 00000000 08:01 267201                     /lib/x86_64-linux-gnu/libresolv-2.23.so
7f87c7ac5000-7f87c7cc5000 ---p 00017000 08:01 267201                     /lib/x86_64-linux-gnu/libresolv-2.23.so
7f87c7cc5000-7f87c7cc6000 r--p 00017000 08:01 267201                     /lib/x86_64-linux-gnu/libresolv-2.23.so
7f87c7cc6000-7f87c7cc7000 rw-p 00018000 08:01 267201                     /lib/x86_64-linux-gnu/libresolv-2.23.so
7f87c7cc7000-7f87c7cc9000 rw-p 00000000 00:00 0 
7f87c7cc9000-7f87c7cd3000 r-xp 00000000 08:01 13863                      /usr/lib/x86_64-linux-gnu/libkrb5support.so.0.1
7f87c7cd3000-7f87c7ed2000 ---p 0000a000 08:01 13863                      /usr/lib/x86_64-linux-gnu/libkrb5support.so.0.1
7f87c7ed2000-7f87c7ed3000 r--p 00009000 08:01 13863                      /usr/lib/x86_64-linux-gnu/libkrb5support.so.0.1
7f87c7ed3000-7f87c7ed4000 rw-p 0000a000 08:01 13863                      /usr/lib/x86_64-linux-gnu/libkrb5support.so.0.1
7f87c7ed4000-7f87c7ed7000 r-xp 00000000 08:01 267058                     /lib/x86_64-linux-gnu/libcom_err.so.2.1
7f87c7ed7000-7f87c80d6000 ---p 00003000 08:01 267058                     /lib/x86_64-linux-gnu/libcom_err.so.2.1
7f87c80d6000-7f87c80d7000 r--p 00002000 08:01 267058                     /lib/x86_64-linux-gnu/libcom_err.so.2.1
7f87c80d7000-7f87c80d8000 rw-p 00003000 08:01 267058                     /lib/x86_64-linux-gnu/libcom_err.so.2.1
7f87c80d8000-7f87c8104000 r-xp 00000000 08:01 13853                      /usr/lib/x86_64-linux-gnu/libk5crypto.so.3.1
7f87c8104000-7f87c8303000 ---p 0002c000 08:01 13853                      /usr/lib/x86_64-linux-gnu/libk5crypto.so.3.1
7f87c8303000-7f87c8305000 r--p 0002b000 08:01 13853                      /usr/lib/x86_64-linux-gnu/libk5crypto.so.3.1
7f87c8305000-7f87c8306000 rw-p 0002d000 08:01 13853                      /usr/lib/x86_64-linux-gnu/libk5crypto.so.3.1
7f87c8306000-7f87c8307000 rw-p 00000000 00:00 0 
7f87c8307000-7f87c83ca000 r-xp 00000000 08:01 13861                      /usr/lib/x86_64-linux-gnu/libkrb5.so.3.3
7f87c83ca000-7f87c85ca000 ---p 000c3000 08:01 13861                      /usr/lib/x86_64-linux-gnu/libkrb5.so.3.3
7f87c85ca000-7f87c85d7000 r--p 000c3000 08:01 13861                      /usr/lib/x86_64-linux-gnu/libkrb5.so.3.3
7f87c85d7000-7f87c85d9000 rw-p 000d0000 08:01 13861                      /usr/lib/x86_64-linux-gnu/libkrb5.so.3.3
7f87c85d9000-7f87c860d000 r-xp 00000000 08:01 13983                      /usr/lib/x86_64-linux-gnu/libnettle.so.6.2
7f87c860d000-7f87c880c000 ---p 00034000 08:01 13983                      /usr/lib/x86_64-linux-gnu/libnettle.so.6.2
7f87c880c000-7f87c880e000 r--p 00033000 08:01 13983                      /usr/lib/x86_64-linux-gnu/libnettle.so.6.2
7f87c880e000-7f87c880f000 rw-p 00035000 08:01 13983                      /usr/lib/x86_64-linux-gnu/libnettle.so.6.2
7f87c880f000-7f87c8841000 r-xp 00000000 08:01 13758                      /usr/lib/x86_64-linux-gnu/libhogweed.so.4.2
7f87c8841000-7f87c8a40000 ---p 00032000 08:01 13758                      /usr/lib/x86_64-linux-gnu/libhogweed.so.4.2
7f87c8a40000-7f87c8a41000 r--p 00031000 08:01 13758                      /usr/lib/x86_64-linux-gnu/libhogweed.so.4.2
7f87c8a41000-7f87c8a42000 rw-p 00032000 08:01 13758                      /usr/lib/x86_64-linux-gnu/libhogweed.so.4.2
7f87c8a42000-7f87c8b65000 r-xp 00000000 08:01 13638                      /usr/lib/x86_64-linux-gnu/libgnutls.so.30.6.2
7f87c8b65000-7f87c8d64000 ---p 00123000 08:01 13638                      /usr/lib/x86_64-linux-gnu/libgnutls.so.30.6.2
7f87c8d64000-7f87c8d6f000 r--p 00122000 08:01 13638                      /usr/lib/x86_64-linux-gnu/libgnutls.so.30.6.2
7f87c8d6f000-7f87c8d71000 rw-p 0012d000 08:01 13638                      /usr/lib/x86_64-linux-gnu/libgnutls.so.30.6.2
7f87c8d71000-7f87c8d72000 rw-p 00000000 00:00 0 
7f87c8d72000-7f87c8d8b000 r-xp 00000000 08:01 267240                     /lib/x86_64-linux-gnu/libz.so.1.2.8
7f87c8d8b000-7f87c8f8a000 ---p 00019000 08:01 267240                     /lib/x86_64-linux-gnu/libz.so.1.2.8
7f87c8f8a000-7f87c8f8b000 r--p 00018000 08:01 267240                     /lib/x86_64-linux-gnu/libz.so.1.2.8
7f87c8f8b000-7f87c8f8c000 rw-p 00019000 08:01 267240                     /lib/x86_64-linux-gnu/libz.so.1.2.8
7f87c8f8c000-7f87c8fd9000 r-xp 00000000 08:01 13874                      /usr/lib/x86_64-linux-gnu/libldap_r-2.4.so.2.10.5
7f87c8fd9000-7f87c91d8000 ---p 0004d000 08:01 13874                      /usr/lib/x86_64-linux-gnu/libldap_r-2.4.so.2.10.5
7f87c91d8000-7f87c91da000 r--p 0004c000 08:01 13874                      /usr/lib/x86_64-linux-gnu/libldap_r-2.4.so.2.10.5
7f87c91da000-7f87c91db000 rw-p 0004e000 08:01 13874                      /usr/lib/x86_64-linux-gnu/libldap_r-2.4.so.2.10.5
7f87c91db000-7f87c91dd000 rw-p 00000000 00:00 0 
7f87c91dd000-7f87c91ea000 r-xp 00000000 08:01 13869                      /usr/lib/x86_64-linux-gnu/liblber-2.4.so.2.10.5
7f87c91ea000-7f87c93ea000 ---p 0000d000 08:01 13869                      /usr/lib/x86_64-linux-gnu/liblber-2.4.so.2.10.5
7f87c93ea000-7f87c93eb000 r--p 0000d000 08:01 13869                      /usr/lib/x86_64-linux-gnu/liblber-2.4.so.2.10.5
7f87c93eb000-7f87c93ec000 rw-p 0000e000 08:01 13869                      /usr/lib/x86_64-linux-gnu/liblber-2.4.so.2.10.5
7f87c93ec000-7f87c9433000 r-xp 00000000 08:01 13677                      /usr/lib/x86_64-linux-gnu/libgssapi_krb5.so.2.2
7f87c9433000-7f87c9632000 ---p 00047000 08:01 13677                      /usr/lib/x86_64-linux-gnu/libgssapi_krb5.so.2.2
7f87c9632000-7f87c9634000 r--p 00046000 08:01 13677                      /usr/lib/x86_64-linux-gnu/libgssapi_krb5.so.2.2
7f87c9634000-7f87c9636000 rw-p 00048000 08:01 13677                      /usr/lib/x86_64-linux-gnu/libgssapi_krb5.so.2.2
7f87c9636000-7f87c9850000 r-xp 00000000 08:01 267061                     /lib/x86_64-linux-gnu/libcrypto.so.1.0.0
7f87c9850000-7f87c9a4f000 ---p 0021a000 08:01 267061                     /lib/x86_64-linux-gnu/libcrypto.so.1.0.0
7f87c9a4f000-7f87c9a6b000 r--p 00219000 08:01 267061                     /lib/x86_64-linux-gnu/libcrypto.so.1.0.0
7f87c9a6b000-7f87c9a77000 rw-p 00235000 08:01 267061                     /lib/x86_64-linux-gnu/libcrypto.so.1.0.0
7f87c9a77000-7f87c9a7a000 rw-p 00000000 00:00 0 
7f87c9a7a000-7f87c9ad8000 r-xp 00000000 08:01 267215                     /lib/x86_64-linux-gnu/libssl.so.1.0.0
7f87c9ad8000-7f87c9cd8000 ---p 0005e000 08:01 267215                     /lib/x86_64-linux-gnu/libssl.so.1.0.0
7f87c9cd8000-7f87c9cdc000 r--p 0005e000 08:01 267215                     /lib/x86_64-linux-gnu/libssl.so.1.0.0
7f87c9cdc000-7f87c9ce3000 rw-p 00062000 08:01 267215                     /lib/x86_64-linux-gnu/libssl.so.1.0.0
7f87c9ce3000-7f87c9cfe000 r-xp 00000000 08:01 14182                      /usr/lib/x86_64-linux-gnu/librtmp.so.1
7f87c9cfe000-7f87c9efd000 ---p 0001b000 08:01 14182                      /usr/lib/x86_64-linux-gnu/librtmp.so.1
7f87c9efd000-7f87c9efe000 r--p 0001a000 08:01 14182                      /usr/lib/x86_64-linux-gnu/librtmp.so.1
7f87c9efe000-7f87c9eff000 rw-p 0001b000 08:01 14182                      /usr/lib/x86_64-linux-gnu/librtmp.so.1
7f87c9eff000-7f87c9f30000 r-xp 00000000 08:01 13807                      /usr/lib/x86_64-linux-gnu/libidn.so.11.6.15
7f87c9f30000-7f87ca130000 ---p 00031000 08:01 13807                      /usr/lib/x86_64-linux-gnu/libidn.so.11.6.15
7f87ca130000-7f87ca131000 r--p 00031000 08:01 13807                      /usr/lib/x86_64-linux-gnu/libidn.so.11.6.15
7f87ca131000-7f87ca132000 rw-p 00032000 08:01 13807                      /usr/lib/x86_64-linux-gnu/libidn.so.11.6.15
7f87ca132000-7f87ca19d000 r-xp 00000000 08:01 13354                      /usr/lib/x86_64-linux-gnu/libcurl.so.4.4.0
7f87ca19d000-7f87ca39d000 ---p 0006b000 08:01 13354                      /usr/lib/x86_64-linux-gnu/libcurl.so.4.4.0
7f87ca39d000-7f87ca3a0000 r--p 0006b000 08:01 13354                      /usr/lib/x86_64-linux-gnu/libcurl.so.4.4.0
7f87ca3a0000-7f87ca3a1000 rw-p 0006e000 08:01 13354                      /usr/lib/x86_64-linux-gnu/libcurl.so.4.4.0
7f87ca3a1000-7f87ca3c0000 r-xp 00000000 08:01 320225                     /home/user/.rvm/gems/ruby-2.5.1/gems/curb-0.9.6/lib/curb_core.so
7f87ca3c0000-7f87ca5bf000 ---p 0001f000 08:01 320225                     /home/user/.rvm/gems/ruby-2.5.1/gems/curb-0.9.6/lib/curb_core.so
7f87ca5bf000-7f87ca5c0000 r--p 0001e000 08:01 320225                     /home/user/.rvm/gems/ruby-2.5.1/gems/curb-0.9.6/lib/curb_core.so
7f87ca5c0000-7f87ca5c1000 rw-p 0001f000 08:01 320225                     /home/user/.rvm/gems/ruby-2.5.1/gems/curb-0.9.6/lib/curb_core.so
7f87ca5c1000-7f87ca5c2000 rw-p 00000000 00:00 0 
7f87ca5c2000-7f87ca5cb000 r-xp 00000000 08:01 435905                     /home/user/.rvm/rubies/ruby-2.5.1/lib/ruby/2.5.0/x86_64-linux/stringio.so
7f87ca5cb000-7f87ca7ca000 ---p 00009000 08:01 435905                     /home/user/.rvm/rubies/ruby-2.5.1/lib/ruby/2.5.0/x86_64-linux/stringio.so
7f87ca7ca000-7f87ca7cb000 r--p 00008000 08:01 435905                     /home/user/.rvm/rubies/ruby-2.5.1/lib/ruby/2.5.0/x86_64-linux/stringio.so
7f87ca7cb000-7f87ca7cc000 rw-p 00009000 08:01 435905                     /home/user/.rvm/rubies/ruby-2.5.1/lib/ruby/2.5.0/x86_64-linux/stringio.so
7f87ca7cc000-7f87ca7ce000 r-xp 00000000 08:01 435948                     /home/user/.rvm/rubies/ruby-2.5.1/lib/ruby/2.5.0/x86_64-linux/enc/trans/transdb.so
7f87ca7ce000-7f87ca9ce000 ---p 00002000 08:01 435948                     /home/user/.rvm/rubies/ruby-2.5.1/lib/ruby/2.5.0/x86_64-linux/enc/trans/transdb.so
7f87ca9ce000-7f87ca9cf000 r--p 00002000 08:01 435948                     /home/user/.rvm/rubies/ruby-2.5.1/lib/ruby/2.5.0/x86_64-linux/enc/trans/transdb.so
7f87ca9cf000-7f87ca9d0000 rw-p 00003000 08:01 435948                     /home/user/.rvm/rubies/ruby-2.5.1/lib/ruby/2.5.0/x86_64-linux/enc/trans/transdb.so
7f87ca9d0000-7f87ca9d2000 r-xp 00000000 08:01 435916                     /home/user/.rvm/rubies/ruby-2.5.1/lib/ruby/2.5.0/x86_64-linux/enc/encdb.so
7f87ca9d2000-7f87cabd1000 ---p 00002000 08:01 435916                     /home/user/.rvm/rubies/ruby-2.5.1/lib/ruby/2.5.0/x86_64-linux/enc/encdb.so
7f87cabd1000-7f87cabd2000 r--p 00001000 08:01 435916                     /home/user/.rvm/rubies/ruby-2.5.1/lib/ruby/2.5.0/x86_64-linux/enc/encdb.so
7f87cabd2000-7f87cabd3000 rw-p 00002000 08:01 435916                     /home/user/.rvm/rubies/ruby-2.5.1/lib/ruby/2.5.0/x86_64-linux/enc/encdb.so
7f87cabd3000-7f87cb593000 r--p 00000000 08:01 9181                       /usr/lib/locale/locale-archive
7f87cb593000-7f87cb69b000 r-xp 00000000 08:01 267119                     /lib/x86_64-linux-gnu/libm-2.23.so
7f87cb69b000-7f87cb89a000 ---p 00108000 08:01 267119                     /lib/x86_64-linux-gnu/libm-2.23.so
7f87cb89a000-7f87cb89b000 r--p 00107000 08:01 267119                     /lib/x86_64-linux-gnu/libm-2.23.so
7f87cb89b000-7f87cb89c000 rw-p 00108000 08:01 267119                     /lib/x86_64-linux-gnu/libm-2.23.so
7f87cb89c000-7f87cb8a5000 r-xp 00000000 08:01 267059                     /lib/x86_64-linux-gnu/libcrypt-2.23.so
7f87cb8a5000-7f87cbaa4000 ---p 00009000 08:01 267059                     /lib/x86_64-linux-gnu/libcrypt-2.23.so
7f87cbaa4000-7f87cbaa5000 r--p 00008000 08:01 267059                     /lib/x86_64-linux-gnu/libcrypt-2.23.so
7f87cbaa5000-7f87cbaa6000 rw-p 00009000 08:01 267059                     /lib/x86_64-linux-gnu/libcrypt-2.23.so
7f87cbaa6000-7f87cbad4000 rw-p 00000000 00:00 0 
7f87cbad4000-7f87cbad7000 r-xp 00000000 08:01 267073                     /lib/x86_64-linux-gnu/libdl-2.23.so
7f87cbad7000-7f87cbcd6000 ---p 00003000 08:01 267073                     /lib/x86_64-linux-gnu/libdl-2.23.so
7f87cbcd6000-7f87cbcd7000 r--p 00002000 08:01 267073                     /lib/x86_64-linux-gnu/libdl-2.23.so
7f87cbcd7000-7f87cbcd8000 rw-p 00003000 08:01 267073                     /lib/x86_64-linux-gnu/libdl-2.23.so
7f87cbcd8000-7f87cbd57000 r-xp 00000000 08:01 13620                      /usr/lib/x86_64-linux-gnu/libgmp.so.10.3.0
7f87cbd57000-7f87cbf56000 ---p 0007f000 08:01 13620                      /usr/lib/x86_64-linux-gnu/libgmp.so.10.3.0
7f87cbf56000-7f87cbf57000 r--p 0007e000 08:01 13620                      /usr/lib/x86_64-linux-gnu/libgmp.so.10.3.0
7f87cbf57000-7f87cbf58000 rw-p 0007f000 08:01 13620                      /usr/lib/x86_64-linux-gnu/libgmp.so.10.3.0
7f87cbf58000-7f87cbf70000 r-xp 00000000 08:01 267195                     /lib/x86_64-linux-gnu/libpthread-2.23.so
7f87cbf70000-7f87cc16f000 ---p 00018000 08:01 267195                     /lib/x86_64-linux-gnu/libpthread-2.23.so
7f87cc16f000-7f87cc170000 r--p 00017000 08:01 267195                     /lib/x86_64-linux-gnu/libpthread-2.23.so
7f87cc170000-7f87cc171000 rw-p 00018000 08:01 267195                     /lib/x86_64-linux-gnu/libpthread-2.23.so
7f87cc171000-7f87cc175000 rw-p 00000000 00:00 0 
7f87cc175000-7f87cc335000 r-xp 00000000 08:01 267049                     /lib/x86_64-linux-gnu/libc-2.23.so
7f87cc335000-7f87cc535000 ---p 001c0000 08:01 267049                     /lib/x86_64-linux-gnu/libc-2.23.so
7f87cc535000-7f87cc539000 r--p 001c0000 08:01 267049                     /lib/x86_64-linux-gnu/libc-2.23.so
7f87cc539000-7f87cc53b000 rw-p 001c4000 08:01 267049                     /lib/x86_64-linux-gnu/libc-2.23.so
7f87cc53b000-7f87cc53f000 rw-p 00000000 00:00 0 
7f87cc53f000-7f87cc852000 r-xp 00000000 08:01 436018                     /home/user/.rvm/rubies/ruby-2.5.1/lib/libruby.so.2.5.1
7f87cc852000-7f87cca52000 ---p 00313000 08:01 436018                     /home/user/.rvm/rubies/ruby-2.5.1/lib/libruby.so.2.5.1
7f87cca52000-7f87cca57000 r--p 00313000 08:01 436018                     /home/user/.rvm/rubies/ruby-2.5.1/lib/libruby.so.2.5.1
7f87cca57000-7f87cca5a000 rw-p 00318000 08:01 436018                     /home/user/.rvm/rubies/ruby-2.5.1/lib/libruby.so.2.5.1
7f87cca5a000-7f87cca6b000 rw-p 00000000 00:00 0 
7f87cca6b000-7f87cca91000 r-xp 00000000 08:01 267021                     /lib/x86_64-linux-gnu/ld-2.23.so
7f87ccadf000-7f87ccb4e000 r--s 00000000 08:01 13354                      /usr/lib/x86_64-linux-gnu/libcurl.so.4.4.0
7f87ccb4e000-7f87ccb73000 r--s 00000000 08:01 393997                     /home/user/.rvm/rubies/ruby-2.5.1/bin/ruby
7f87ccb73000-7f87ccc79000 rw-p 00000000 00:00 0 
7f87ccc8b000-7f87ccc8c000 ---p 00000000 00:00 0 
7f87ccc8c000-7f87ccc90000 rw-p 00000000 00:00 0 
7f87ccc90000-7f87ccc91000 r--p 00025000 08:01 267021                     /lib/x86_64-linux-gnu/ld-2.23.so
7f87ccc91000-7f87ccc92000 rw-p 00026000 08:01 267021                     /lib/x86_64-linux-gnu/ld-2.23.so
7f87ccc92000-7f87ccc93000 rw-p 00000000 00:00 0 
7ffc9cd17000-7ffc9d516000 rw-p 00000000 00:00 0                          [stack]
7ffc9d53e000-7ffc9d541000 r--p 00000000 00:00 0                          [vvar]
7ffc9d541000-7ffc9d543000 r-xp 00000000 00:00 0                          [vdso]
ffffffffff600000-ffffffffff601000 r-xp 00000000 00:00 0                  [vsyscall]


[NOTE]
You may have encountered a bug in the Ruby interpreter or extension libraries.
Bug reports are welcome.
For details: http://www.ruby-lang.org/bugreport.html


Script done on Суб 15 Врс 2018 12:29:26
