Script started on Суб 15 Врс 2018 12:28:58
RUBY_VERSION: 2.2.3
Curl::CURB_VERSION: 0.9.6
OpenSSL::OPENSSL_VERSION: OpenSSL 1.0.2g  1 Mar 2016
TARGET_URL: https://ietf.org
PROXY_URL: 127.0.0.1:8888
RUBY_TIMEOUT: 0.1
0
Rebuilt URL to: https://ietf.org/
0
  Trying 127.0.0.1...
0
Connected to 127.0.0.1 (127.0.0.1) port 8888 (#0)
0
Establish HTTP proxy tunnel to ietf.org:443
2
CONNECT ietf.org:443 HTTP/1.1
Host: ietf.org:443
Proxy-Connection: Keep-Alive

./curb_fail.rb:36: [BUG] Segmentation fault at 0x00000000000000
ruby 2.2.3p173 (2015-08-18 revision 51636) [x86_64-linux]

-- Control frame information -----------------------------------------------
c:0004 p:---- s:0012 e:000011 CFUNC  :close
c:0003 p:0006 s:0009 e:000008 RESCUE ./curb_fail.rb:36
c:0002 p:0239 s:0006 E:000670 EVAL   ./curb_fail.rb:36 [FINISH]
c:0001 p:0000 s:0002 E:0025b0 TOP    [FINISH]

-- Ruby level backtrace information ----------------------------------------
./curb_fail.rb:36:in `<main>'
./curb_fail.rb:36:in `ensure in <main>'
./curb_fail.rb:36:in `close'

-- Machine register context ------------------------------------------------
 RIP: 0x00007fe51727c512 RBP: 0x00007fe51549f0a8 RSP: 0x00007ffcb8c60160
 RAX: 0x0000000000000000 RBX: 0x0000000001ad586f RCX: 0x0000000000000000
 RDX: 0x0000000000000001 RDI: 0x007fe5175bcb7800 RSI: 0x0000000000000000
  R8: 0x0000000001ad4060  R9: 0x0000000000000000 R10: 0x0000000000000008
 R11: 0x0000000000000246 R12: 0x0000000000000000 R13: 0x00007ffcb8c5f7c0
 R14: 0x0000000000000001 R15: 0x00007fe51549f0a8 EFL: 0x0000000000010206

-- C level backtrace information -------------------------------------------
/home/user/.rvm/rubies/ruby-2.2.3/bin/../lib/libruby.so.2.2(rb_vm_bugreport+0x4ea) [0x7fe5177a10fa] vm_dump.c:693
/home/user/.rvm/rubies/ruby-2.2.3/bin/../lib/libruby.so.2.2(rb_bug_context+0xcb) [0x7fe51763c50b] error.c:425
/home/user/.rvm/rubies/ruby-2.2.3/bin/../lib/libruby.so.2.2(sigsegv+0x3e) [0x7fe517719cde] signal.c:879
/lib/x86_64-linux-gnu/libc.so.6 [0x7fe51722d4b0]
/lib/x86_64-linux-gnu/libc.so.6(free+0x22) [0x7fe51727c512] malloc.c:2946
/usr/lib/x86_64-linux-gnu/libcurl.so.4 [0x7fe5152425eb]
/usr/lib/x86_64-linux-gnu/libcurl.so.4 [0x7fe51524266c]
/usr/lib/x86_64-linux-gnu/libcurl.so.4 [0x7fe51525307f]
/usr/lib/x86_64-linux-gnu/libcurl.so.4(curl_multi_remove_handle+0xe7) [0x7fe515266a67]
/usr/lib/x86_64-linux-gnu/libcurl.so.4 [0x7fe515252c8a]
/usr/lib/x86_64-linux-gnu/libcurl.so.4(curl_easy_cleanup+0x3d) [0x7fe51525eb7d]
/home/user/.rvm/gems/ruby-2.2.3/gems/curb-0.9.6/lib/curb_core.so(ruby_curl_easy_close+0x104) [0x7fe5154adee4] curb_easy.c:245
/home/user/.rvm/rubies/ruby-2.2.3/bin/../lib/libruby.so.2.2(vm_call_cfunc+0x122) [0x7fe517789c02] vm_insnhelper.c:1380
/home/user/.rvm/rubies/ruby-2.2.3/bin/../lib/libruby.so.2.2(vm_call_method+0x11e) [0x7fe51779c86e] vm_insnhelper.c:1689
/home/user/.rvm/rubies/ruby-2.2.3/bin/../lib/libruby.so.2.2(vm_exec_core+0x12f3) [0x7fe517790463] insns.def:1054
/home/user/.rvm/rubies/ruby-2.2.3/bin/../lib/libruby.so.2.2(vm_exec+0x7b) [0x7fe517794e1b] vm.c:1429
/home/user/.rvm/rubies/ruby-2.2.3/bin/../lib/libruby.so.2.2(rb_iseq_eval_main+0x203) [0x7fe517796363] vm.c:1674
/home/user/.rvm/rubies/ruby-2.2.3/bin/../lib/libruby.so.2.2(ruby_exec_internal+0xbd) [0x7fe517641d5d] eval.c:252
/home/user/.rvm/rubies/ruby-2.2.3/bin/../lib/libruby.so.2.2(ruby_exec_node+0x1d) [0x7fe51764426d] eval.c:317
/home/user/.rvm/rubies/ruby-2.2.3/bin/../lib/libruby.so.2.2(ruby_run_node+0x1e) [0x7fe517646a3e] eval.c:309
/home/user/.rvm/rubies/ruby-2.2.3/bin/ruby(main+0x4b) [0x40085b] main.c:36

-- Other runtime information -----------------------------------------------

* Loaded script: ./curb_fail.rb

* Loaded features:

    0 enumerator.so
    1 rational.so
    2 complex.so
    3 /home/user/.rvm/rubies/ruby-2.2.3/lib/ruby/2.2.0/x86_64-linux/enc/encdb.so
    4 /home/user/.rvm/rubies/ruby-2.2.3/lib/ruby/2.2.0/x86_64-linux/enc/trans/transdb.so
    5 /home/user/.rvm/rubies/ruby-2.2.3/lib/ruby/2.2.0/unicode_normalize.rb
    6 /home/user/.rvm/rubies/ruby-2.2.3/lib/ruby/2.2.0/x86_64-linux/rbconfig.rb
    7 thread.rb
    8 /home/user/.rvm/rubies/ruby-2.2.3/lib/ruby/2.2.0/x86_64-linux/thread.so
    9 /home/user/.rvm/rubies/ruby-2.2.3/lib/ruby/site_ruby/2.2.0/rubygems/compatibility.rb
   10 /home/user/.rvm/rubies/ruby-2.2.3/lib/ruby/site_ruby/2.2.0/rubygems/defaults.rb
   11 /home/user/.rvm/rubies/ruby-2.2.3/lib/ruby/site_ruby/2.2.0/rubygems/deprecate.rb
   12 /home/user/.rvm/rubies/ruby-2.2.3/lib/ruby/site_ruby/2.2.0/rubygems/errors.rb
   13 /home/user/.rvm/rubies/ruby-2.2.3/lib/ruby/site_ruby/2.2.0/rubygems/version.rb
   14 /home/user/.rvm/rubies/ruby-2.2.3/lib/ruby/site_ruby/2.2.0/rubygems/requirement.rb
   15 /home/user/.rvm/rubies/ruby-2.2.3/lib/ruby/site_ruby/2.2.0/rubygems/platform.rb
   16 /home/user/.rvm/rubies/ruby-2.2.3/lib/ruby/site_ruby/2.2.0/rubygems/basic_specification.rb
   17 /home/user/.rvm/rubies/ruby-2.2.3/lib/ruby/site_ruby/2.2.0/rubygems/stub_specification.rb
   18 /home/user/.rvm/rubies/ruby-2.2.3/lib/ruby/site_ruby/2.2.0/rubygems/util/list.rb
   19 /home/user/.rvm/rubies/ruby-2.2.3/lib/ruby/2.2.0/x86_64-linux/stringio.so
   20 /home/user/.rvm/rubies/ruby-2.2.3/lib/ruby/site_ruby/2.2.0/rubygems/specification.rb
   21 /home/user/.rvm/rubies/ruby-2.2.3/lib/ruby/site_ruby/2.2.0/rubygems/exceptions.rb
   22 /home/user/.rvm/rubies/ruby-2.2.3/lib/ruby/site_ruby/2.2.0/rubygems/core_ext/kernel_gem.rb
   23 /home/user/.rvm/rubies/ruby-2.2.3/lib/ruby/2.2.0/monitor.rb
   24 /home/user/.rvm/rubies/ruby-2.2.3/lib/ruby/site_ruby/2.2.0/rubygems/core_ext/kernel_require.rb
   25 /home/user/.rvm/rubies/ruby-2.2.3/lib/ruby/site_ruby/2.2.0/rubygems.rb
   26 /home/user/.rvm/rubies/ruby-2.2.3/lib/ruby/site_ruby/2.2.0/rubygems/path_support.rb
   27 /home/user/.rvm/gems/ruby-2.2.3/gems/curb-0.9.6/lib/curb_core.so
   28 /home/user/.rvm/gems/ruby-2.2.3/gems/curb-0.9.6/lib/curl/easy.rb
   29 /home/user/.rvm/gems/ruby-2.2.3/gems/curb-0.9.6/lib/curl/multi.rb
   30 /home/user/.rvm/rubies/ruby-2.2.3/lib/ruby/2.2.0/uri/rfc2396_parser.rb
   31 /home/user/.rvm/rubies/ruby-2.2.3/lib/ruby/2.2.0/uri/rfc3986_parser.rb
   32 /home/user/.rvm/rubies/ruby-2.2.3/lib/ruby/2.2.0/uri/common.rb
   33 /home/user/.rvm/rubies/ruby-2.2.3/lib/ruby/2.2.0/uri/generic.rb
   34 /home/user/.rvm/rubies/ruby-2.2.3/lib/ruby/2.2.0/uri/ftp.rb
   35 /home/user/.rvm/rubies/ruby-2.2.3/lib/ruby/2.2.0/uri/http.rb
   36 /home/user/.rvm/rubies/ruby-2.2.3/lib/ruby/2.2.0/uri/https.rb
   37 /home/user/.rvm/rubies/ruby-2.2.3/lib/ruby/2.2.0/uri/ldap.rb
   38 /home/user/.rvm/rubies/ruby-2.2.3/lib/ruby/2.2.0/uri/ldaps.rb
   39 /home/user/.rvm/rubies/ruby-2.2.3/lib/ruby/2.2.0/uri/mailto.rb
   40 /home/user/.rvm/rubies/ruby-2.2.3/lib/ruby/2.2.0/uri.rb
   41 /home/user/.rvm/rubies/ruby-2.2.3/lib/ruby/2.2.0/cgi/core.rb
   42 /home/user/.rvm/rubies/ruby-2.2.3/lib/ruby/2.2.0/cgi/util.rb
   43 /home/user/.rvm/rubies/ruby-2.2.3/lib/ruby/2.2.0/cgi/cookie.rb
   44 /home/user/.rvm/rubies/ruby-2.2.3/lib/ruby/2.2.0/cgi.rb
   45 /home/user/.rvm/gems/ruby-2.2.3/gems/curb-0.9.6/lib/curl.rb
   46 /home/user/.rvm/rubies/ruby-2.2.3/lib/ruby/2.2.0/timeout.rb
   47 /home/user/.rvm/rubies/ruby-2.2.3/lib/ruby/2.2.0/x86_64-linux/digest.so
   48 /home/user/.rvm/rubies/ruby-2.2.3/lib/ruby/2.2.0/digest.rb
   49 /home/user/.rvm/rubies/ruby-2.2.3/lib/ruby/2.2.0/x86_64-linux/openssl.so
   50 /home/user/.rvm/rubies/ruby-2.2.3/lib/ruby/2.2.0/openssl/bn.rb
   51 /home/user/.rvm/rubies/ruby-2.2.3/lib/ruby/2.2.0/openssl/cipher.rb
   52 /home/user/.rvm/rubies/ruby-2.2.3/lib/ruby/2.2.0/openssl/config.rb
   53 /home/user/.rvm/rubies/ruby-2.2.3/lib/ruby/2.2.0/openssl/digest.rb
   54 /home/user/.rvm/rubies/ruby-2.2.3/lib/ruby/2.2.0/openssl/x509.rb
   55 /home/user/.rvm/rubies/ruby-2.2.3/lib/ruby/2.2.0/openssl/buffering.rb
   56 /home/user/.rvm/rubies/ruby-2.2.3/lib/ruby/2.2.0/x86_64-linux/fcntl.so
   57 /home/user/.rvm/rubies/ruby-2.2.3/lib/ruby/2.2.0/openssl/ssl.rb
   58 /home/user/.rvm/rubies/ruby-2.2.3/lib/ruby/2.2.0/openssl.rb

* Process memory map:

00400000-00401000 r-xp 00000000 08:01 438977                             /home/user/.rvm/rubies/ruby-2.2.3/bin/ruby
00600000-00601000 r--p 00000000 08:01 438977                             /home/user/.rvm/rubies/ruby-2.2.3/bin/ruby
00601000-00602000 rw-p 00001000 08:01 438977                             /home/user/.rvm/rubies/ruby-2.2.3/bin/ruby
0142b000-01ae7000 rw-p 00000000 00:00 0                                  [heap]
7fe508000000-7fe508021000 rw-p 00000000 00:00 0 
7fe508021000-7fe50c000000 ---p 00000000 00:00 0 
7fe50e543000-7fe50ee75000 r--s 00000000 08:01 4435                       /usr/lib/debug/lib/x86_64-linux-gnu/libc-2.23.so
7fe50ee75000-7fe50f03e000 r--s 00000000 08:01 267049                     /lib/x86_64-linux-gnu/libc-2.23.so
7fe50f03e000-7fe50fd03000 r--s 00000000 08:01 438963                     /home/user/.rvm/rubies/ruby-2.2.3/lib/libruby.so.2.2.0
7fe50fd03000-7fe50fd19000 r-xp 00000000 08:01 267087                     /lib/x86_64-linux-gnu/libgcc_s.so.1
7fe50fd19000-7fe50ff18000 ---p 00016000 08:01 267087                     /lib/x86_64-linux-gnu/libgcc_s.so.1
7fe50ff18000-7fe50ff19000 rw-p 00015000 08:01 267087                     /lib/x86_64-linux-gnu/libgcc_s.so.1
7fe50ff19000-7fe50ff1a000 ---p 00000000 00:00 0 
7fe50ff1a000-7fe51011b000 rw-p 00000000 00:00 0 
7fe51011b000-7fe51011c000 r-xp 00000000 08:01 547507                     /home/user/.rvm/rubies/ruby-2.2.3/lib/ruby/2.2.0/x86_64-linux/fcntl.so
7fe51011c000-7fe51031b000 ---p 00001000 08:01 547507                     /home/user/.rvm/rubies/ruby-2.2.3/lib/ruby/2.2.0/x86_64-linux/fcntl.so
7fe51031b000-7fe51031c000 r--p 00000000 08:01 547507                     /home/user/.rvm/rubies/ruby-2.2.3/lib/ruby/2.2.0/x86_64-linux/fcntl.so
7fe51031c000-7fe51031d000 rw-p 00001000 08:01 547507                     /home/user/.rvm/rubies/ruby-2.2.3/lib/ruby/2.2.0/x86_64-linux/fcntl.so
7fe51031d000-7fe510321000 r-xp 00000000 08:01 547599                     /home/user/.rvm/rubies/ruby-2.2.3/lib/ruby/2.2.0/x86_64-linux/digest.so
7fe510321000-7fe510520000 ---p 00004000 08:01 547599                     /home/user/.rvm/rubies/ruby-2.2.3/lib/ruby/2.2.0/x86_64-linux/digest.so
7fe510520000-7fe510521000 r--p 00003000 08:01 547599                     /home/user/.rvm/rubies/ruby-2.2.3/lib/ruby/2.2.0/x86_64-linux/digest.so
7fe510521000-7fe510522000 rw-p 00004000 08:01 547599                     /home/user/.rvm/rubies/ruby-2.2.3/lib/ruby/2.2.0/x86_64-linux/digest.so
7fe510522000-7fe510573000 r-xp 00000000 08:01 547516                     /home/user/.rvm/rubies/ruby-2.2.3/lib/ruby/2.2.0/x86_64-linux/openssl.so
7fe510573000-7fe510773000 ---p 00051000 08:01 547516                     /home/user/.rvm/rubies/ruby-2.2.3/lib/ruby/2.2.0/x86_64-linux/openssl.so
7fe510773000-7fe510775000 r--p 00051000 08:01 547516                     /home/user/.rvm/rubies/ruby-2.2.3/lib/ruby/2.2.0/x86_64-linux/openssl.so
7fe510775000-7fe510777000 rw-p 00053000 08:01 547516                     /home/user/.rvm/rubies/ruby-2.2.3/lib/ruby/2.2.0/x86_64-linux/openssl.so
7fe510777000-7fe510778000 rw-p 00000000 00:00 0 
7fe510778000-7fe510847000 r-xp 00000000 08:01 14260                      /usr/lib/x86_64-linux-gnu/libsqlite3.so.0.8.6
7fe510847000-7fe510a47000 ---p 000cf000 08:01 14260                      /usr/lib/x86_64-linux-gnu/libsqlite3.so.0.8.6
7fe510a47000-7fe510a4a000 r--p 000cf000 08:01 14260                      /usr/lib/x86_64-linux-gnu/libsqlite3.so.0.8.6
7fe510a4a000-7fe510a4c000 rw-p 000d2000 08:01 14260                      /usr/lib/x86_64-linux-gnu/libsqlite3.so.0.8.6
7fe510a4c000-7fe510a4d000 rw-p 00000000 00:00 0 
7fe510a4d000-7fe510a94000 r-xp 00000000 08:01 13772                      /usr/lib/x86_64-linux-gnu/libhx509.so.5.0.0
7fe510a94000-7fe510c93000 ---p 00047000 08:01 13772                      /usr/lib/x86_64-linux-gnu/libhx509.so.5.0.0
7fe510c93000-7fe510c95000 r--p 00046000 08:01 13772                      /usr/lib/x86_64-linux-gnu/libhx509.so.5.0.0
7fe510c95000-7fe510c97000 rw-p 00048000 08:01 13772                      /usr/lib/x86_64-linux-gnu/libhx509.so.5.0.0
7fe510c97000-7fe510c98000 rw-p 00000000 00:00 0 
7fe510c98000-7fe510ca6000 r-xp 00000000 08:01 13754                      /usr/lib/x86_64-linux-gnu/libheimbase.so.1.0.0
7fe510ca6000-7fe510ea5000 ---p 0000e000 08:01 13754                      /usr/lib/x86_64-linux-gnu/libheimbase.so.1.0.0
7fe510ea5000-7fe510ea6000 r--p 0000d000 08:01 13754                      /usr/lib/x86_64-linux-gnu/libheimbase.so.1.0.0
7fe510ea6000-7fe510ea7000 rw-p 0000e000 08:01 13754                      /usr/lib/x86_64-linux-gnu/libheimbase.so.1.0.0
7fe510ea7000-7fe510ece000 r-xp 00000000 08:01 14435                      /usr/lib/x86_64-linux-gnu/libwind.so.0.0.0
7fe510ece000-7fe5110ce000 ---p 00027000 08:01 14435                      /usr/lib/x86_64-linux-gnu/libwind.so.0.0.0
7fe5110ce000-7fe5110cf000 r--p 00027000 08:01 14435                      /usr/lib/x86_64-linux-gnu/libwind.so.0.0.0
7fe5110cf000-7fe5110d0000 rw-p 00028000 08:01 14435                      /usr/lib/x86_64-linux-gnu/libwind.so.0.0.0
7fe5110d0000-7fe5110d7000 r-xp 00000000 08:01 13487                      /usr/lib/x86_64-linux-gnu/libffi.so.6.0.4
7fe5110d7000-7fe5112d6000 ---p 00007000 08:01 13487                      /usr/lib/x86_64-linux-gnu/libffi.so.6.0.4
7fe5112d6000-7fe5112d7000 r--p 00006000 08:01 13487                      /usr/lib/x86_64-linux-gnu/libffi.so.6.0.4
7fe5112d7000-7fe5112d8000 rw-p 00007000 08:01 13487                      /usr/lib/x86_64-linux-gnu/libffi.so.6.0.4
7fe5112d8000-7fe5112ed000 r-xp 00000000 08:01 14174                      /usr/lib/x86_64-linux-gnu/libroken.so.18.1.0
7fe5112ed000-7fe5114ec000 ---p 00015000 08:01 14174                      /usr/lib/x86_64-linux-gnu/libroken.so.18.1.0
7fe5114ec000-7fe5114ed000 r--p 00014000 08:01 14174                      /usr/lib/x86_64-linux-gnu/libroken.so.18.1.0
7fe5114ed000-7fe5114ee000 rw-p 00015000 08:01 14174                      /usr/lib/x86_64-linux-gnu/libroken.so.18.1.0
7fe5114ee000-7fe51151e000 r-xp 00000000 08:01 13752                      /usr/lib/x86_64-linux-gnu/libhcrypto.so.4.1.0
7fe51151e000-7fe51171e000 ---p 00030000 08:01 13752                      /usr/lib/x86_64-linux-gnu/libhcrypto.so.4.1.0
7fe51171e000-7fe51171f000 r--p 00030000 08:01 13752                      /usr/lib/x86_64-linux-gnu/libhcrypto.so.4.1.0
7fe51171f000-7fe511720000 rw-p 00031000 08:01 13752                      /usr/lib/x86_64-linux-gnu/libhcrypto.so.4.1.0
7fe511720000-7fe511721000 rw-p 00000000 00:00 0 
7fe511721000-7fe5117c0000 r-xp 00000000 08:01 13189                      /usr/lib/x86_64-linux-gnu/libasn1.so.8.0.0
7fe5117c0000-7fe5119bf000 ---p 0009f000 08:01 13189                      /usr/lib/x86_64-linux-gnu/libasn1.so.8.0.0
7fe5119bf000-7fe5119c0000 r--p 0009e000 08:01 13189                      /usr/lib/x86_64-linux-gnu/libasn1.so.8.0.0
7fe5119c0000-7fe5119c3000 rw-p 0009f000 08:01 13189                      /usr/lib/x86_64-linux-gnu/libasn1.so.8.0.0
7fe5119c3000-7fe511a47000 r-xp 00000000 08:01 13859                      /usr/lib/x86_64-linux-gnu/libkrb5.so.26.0.0
7fe511a47000-7fe511c46000 ---p 00084000 08:01 13859                      /usr/lib/x86_64-linux-gnu/libkrb5.so.26.0.0
7fe511c46000-7fe511c49000 r--p 00083000 08:01 13859                      /usr/lib/x86_64-linux-gnu/libkrb5.so.26.0.0
7fe511c49000-7fe511c4c000 rw-p 00086000 08:01 13859                      /usr/lib/x86_64-linux-gnu/libkrb5.so.26.0.0
7fe511c4c000-7fe511c4d000 rw-p 00000000 00:00 0 
7fe511c4d000-7fe511c55000 r-xp 00000000 08:01 13756                      /usr/lib/x86_64-linux-gnu/libheimntlm.so.0.1.0
7fe511c55000-7fe511e54000 ---p 00008000 08:01 13756                      /usr/lib/x86_64-linux-gnu/libheimntlm.so.0.1.0
7fe511e54000-7fe511e55000 r--p 00007000 08:01 13756                      /usr/lib/x86_64-linux-gnu/libheimntlm.so.0.1.0
7fe511e55000-7fe511e56000 rw-p 00008000 08:01 13756                      /usr/lib/x86_64-linux-gnu/libheimntlm.so.0.1.0
7fe511e56000-7fe511e59000 r-xp 00000000 08:01 267110                     /lib/x86_64-linux-gnu/libkeyutils.so.1.5
7fe511e59000-7fe512058000 ---p 00003000 08:01 267110                     /lib/x86_64-linux-gnu/libkeyutils.so.1.5
7fe512058000-7fe512059000 r--p 00002000 08:01 267110                     /lib/x86_64-linux-gnu/libkeyutils.so.1.5
7fe512059000-7fe51205a000 rw-p 00003000 08:01 267110                     /lib/x86_64-linux-gnu/libkeyutils.so.1.5
7fe51205a000-7fe51206b000 r-xp 00000000 08:01 14279                      /usr/lib/x86_64-linux-gnu/libtasn1.so.6.5.1
7fe51206b000-7fe51226b000 ---p 00011000 08:01 14279                      /usr/lib/x86_64-linux-gnu/libtasn1.so.6.5.1
7fe51226b000-7fe51226c000 r--p 00011000 08:01 14279                      /usr/lib/x86_64-linux-gnu/libtasn1.so.6.5.1
7fe51226c000-7fe51226d000 rw-p 00012000 08:01 14279                      /usr/lib/x86_64-linux-gnu/libtasn1.so.6.5.1
7fe51226d000-7fe5122c6000 r-xp 00000000 08:01 14046                      /usr/lib/x86_64-linux-gnu/libp11-kit.so.0.1.0
7fe5122c6000-7fe5124c5000 ---p 00059000 08:01 14046                      /usr/lib/x86_64-linux-gnu/libp11-kit.so.0.1.0
7fe5124c5000-7fe5124cf000 r--p 00058000 08:01 14046                      /usr/lib/x86_64-linux-gnu/libp11-kit.so.0.1.0
7fe5124cf000-7fe5124d1000 rw-p 00062000 08:01 14046                      /usr/lib/x86_64-linux-gnu/libp11-kit.so.0.1.0
7fe5124d1000-7fe51250e000 r-xp 00000000 08:01 13675                      /usr/lib/x86_64-linux-gnu/libgssapi.so.3.0.0
7fe51250e000-7fe51270e000 ---p 0003d000 08:01 13675                      /usr/lib/x86_64-linux-gnu/libgssapi.so.3.0.0
7fe51270e000-7fe51270f000 r--p 0003d000 08:01 13675                      /usr/lib/x86_64-linux-gnu/libgssapi.so.3.0.0
7fe51270f000-7fe512711000 rw-p 0003e000 08:01 13675                      /usr/lib/x86_64-linux-gnu/libgssapi.so.3.0.0
7fe512711000-7fe512712000 rw-p 00000000 00:00 0 
7fe512712000-7fe51272b000 r-xp 00000000 08:01 14201                      /usr/lib/x86_64-linux-gnu/libsasl2.so.2.0.25
7fe51272b000-7fe51292b000 ---p 00019000 08:01 14201                      /usr/lib/x86_64-linux-gnu/libsasl2.so.2.0.25
7fe51292b000-7fe51292c000 r--p 00019000 08:01 14201                      /usr/lib/x86_64-linux-gnu/libsasl2.so.2.0.25
7fe51292c000-7fe51292d000 rw-p 0001a000 08:01 14201                      /usr/lib/x86_64-linux-gnu/libsasl2.so.2.0.25
7fe51292d000-7fe512944000 r-xp 00000000 08:01 267201                     /lib/x86_64-linux-gnu/libresolv-2.23.so
7fe512944000-7fe512b44000 ---p 00017000 08:01 267201                     /lib/x86_64-linux-gnu/libresolv-2.23.so
7fe512b44000-7fe512b45000 r--p 00017000 08:01 267201                     /lib/x86_64-linux-gnu/libresolv-2.23.so
7fe512b45000-7fe512b46000 rw-p 00018000 08:01 267201                     /lib/x86_64-linux-gnu/libresolv-2.23.so
7fe512b46000-7fe512b48000 rw-p 00000000 00:00 0 
7fe512b48000-7fe512b52000 r-xp 00000000 08:01 13863                      /usr/lib/x86_64-linux-gnu/libkrb5support.so.0.1
7fe512b52000-7fe512d51000 ---p 0000a000 08:01 13863                      /usr/lib/x86_64-linux-gnu/libkrb5support.so.0.1
7fe512d51000-7fe512d52000 r--p 00009000 08:01 13863                      /usr/lib/x86_64-linux-gnu/libkrb5support.so.0.1
7fe512d52000-7fe512d53000 rw-p 0000a000 08:01 13863                      /usr/lib/x86_64-linux-gnu/libkrb5support.so.0.1
7fe512d53000-7fe512d56000 r-xp 00000000 08:01 267058                     /lib/x86_64-linux-gnu/libcom_err.so.2.1
7fe512d56000-7fe512f55000 ---p 00003000 08:01 267058                     /lib/x86_64-linux-gnu/libcom_err.so.2.1
7fe512f55000-7fe512f56000 r--p 00002000 08:01 267058                     /lib/x86_64-linux-gnu/libcom_err.so.2.1
7fe512f56000-7fe512f57000 rw-p 00003000 08:01 267058                     /lib/x86_64-linux-gnu/libcom_err.so.2.1
7fe512f57000-7fe512f83000 r-xp 00000000 08:01 13853                      /usr/lib/x86_64-linux-gnu/libk5crypto.so.3.1
7fe512f83000-7fe513182000 ---p 0002c000 08:01 13853                      /usr/lib/x86_64-linux-gnu/libk5crypto.so.3.1
7fe513182000-7fe513184000 r--p 0002b000 08:01 13853                      /usr/lib/x86_64-linux-gnu/libk5crypto.so.3.1
7fe513184000-7fe513185000 rw-p 0002d000 08:01 13853                      /usr/lib/x86_64-linux-gnu/libk5crypto.so.3.1
7fe513185000-7fe513186000 rw-p 00000000 00:00 0 
7fe513186000-7fe513249000 r-xp 00000000 08:01 13861                      /usr/lib/x86_64-linux-gnu/libkrb5.so.3.3
7fe513249000-7fe513449000 ---p 000c3000 08:01 13861                      /usr/lib/x86_64-linux-gnu/libkrb5.so.3.3
7fe513449000-7fe513456000 r--p 000c3000 08:01 13861                      /usr/lib/x86_64-linux-gnu/libkrb5.so.3.3
7fe513456000-7fe513458000 rw-p 000d0000 08:01 13861                      /usr/lib/x86_64-linux-gnu/libkrb5.so.3.3
7fe513458000-7fe5134d7000 r-xp 00000000 08:01 13620                      /usr/lib/x86_64-linux-gnu/libgmp.so.10.3.0
7fe5134d7000-7fe5136d6000 ---p 0007f000 08:01 13620                      /usr/lib/x86_64-linux-gnu/libgmp.so.10.3.0
7fe5136d6000-7fe5136d7000 r--p 0007e000 08:01 13620                      /usr/lib/x86_64-linux-gnu/libgmp.so.10.3.0
7fe5136d7000-7fe5136d8000 rw-p 0007f000 08:01 13620                      /usr/lib/x86_64-linux-gnu/libgmp.so.10.3.0
7fe5136d8000-7fe51370c000 r-xp 00000000 08:01 13983                      /usr/lib/x86_64-linux-gnu/libnettle.so.6.2
7fe51370c000-7fe51390b000 ---p 00034000 08:01 13983                      /usr/lib/x86_64-linux-gnu/libnettle.so.6.2
7fe51390b000-7fe51390d000 r--p 00033000 08:01 13983                      /usr/lib/x86_64-linux-gnu/libnettle.so.6.2
7fe51390d000-7fe51390e000 rw-p 00035000 08:01 13983                      /usr/lib/x86_64-linux-gnu/libnettle.so.6.2
7fe51390e000-7fe513940000 r-xp 00000000 08:01 13758                      /usr/lib/x86_64-linux-gnu/libhogweed.so.4.2
7fe513940000-7fe513b3f000 ---p 00032000 08:01 13758                      /usr/lib/x86_64-linux-gnu/libhogweed.so.4.2
7fe513b3f000-7fe513b40000 r--p 00031000 08:01 13758                      /usr/lib/x86_64-linux-gnu/libhogweed.so.4.2
7fe513b40000-7fe513b41000 rw-p 00032000 08:01 13758                      /usr/lib/x86_64-linux-gnu/libhogweed.so.4.2
7fe513b41000-7fe513c64000 r-xp 00000000 08:01 13638                      /usr/lib/x86_64-linux-gnu/libgnutls.so.30.6.2
7fe513c64000-7fe513e63000 ---p 00123000 08:01 13638                      /usr/lib/x86_64-linux-gnu/libgnutls.so.30.6.2
7fe513e63000-7fe513e6e000 r--p 00122000 08:01 13638                      /usr/lib/x86_64-linux-gnu/libgnutls.so.30.6.2
7fe513e6e000-7fe513e70000 rw-p 0012d000 08:01 13638                      /usr/lib/x86_64-linux-gnu/libgnutls.so.30.6.2
7fe513e70000-7fe513e71000 rw-p 00000000 00:00 0 
7fe513e71000-7fe513e8a000 r-xp 00000000 08:01 267240                     /lib/x86_64-linux-gnu/libz.so.1.2.8
7fe513e8a000-7fe514089000 ---p 00019000 08:01 267240                     /lib/x86_64-linux-gnu/libz.so.1.2.8
7fe514089000-7fe51408a000 r--p 00018000 08:01 267240                     /lib/x86_64-linux-gnu/libz.so.1.2.8
7fe51408a000-7fe51408b000 rw-p 00019000 08:01 267240                     /lib/x86_64-linux-gnu/libz.so.1.2.8
7fe51408b000-7fe5140d8000 r-xp 00000000 08:01 13874                      /usr/lib/x86_64-linux-gnu/libldap_r-2.4.so.2.10.5
7fe5140d8000-7fe5142d7000 ---p 0004d000 08:01 13874                      /usr/lib/x86_64-linux-gnu/libldap_r-2.4.so.2.10.5
7fe5142d7000-7fe5142d9000 r--p 0004c000 08:01 13874                      /usr/lib/x86_64-linux-gnu/libldap_r-2.4.so.2.10.5
7fe5142d9000-7fe5142da000 rw-p 0004e000 08:01 13874                      /usr/lib/x86_64-linux-gnu/libldap_r-2.4.so.2.10.5
7fe5142da000-7fe5142dc000 rw-p 00000000 00:00 0 
7fe5142dc000-7fe5142e9000 r-xp 00000000 08:01 13869                      /usr/lib/x86_64-linux-gnu/liblber-2.4.so.2.10.5
7fe5142e9000-7fe5144e9000 ---p 0000d000 08:01 13869                      /usr/lib/x86_64-linux-gnu/liblber-2.4.so.2.10.5
7fe5144e9000-7fe5144ea000 r--p 0000d000 08:01 13869                      /usr/lib/x86_64-linux-gnu/liblber-2.4.so.2.10.5
7fe5144ea000-7fe5144eb000 rw-p 0000e000 08:01 13869                      /usr/lib/x86_64-linux-gnu/liblber-2.4.so.2.10.5
7fe5144eb000-7fe514532000 r-xp 00000000 08:01 13677                      /usr/lib/x86_64-linux-gnu/libgssapi_krb5.so.2.2
7fe514532000-7fe514731000 ---p 00047000 08:01 13677                      /usr/lib/x86_64-linux-gnu/libgssapi_krb5.so.2.2
7fe514731000-7fe514733000 r--p 00046000 08:01 13677                      /usr/lib/x86_64-linux-gnu/libgssapi_krb5.so.2.2
7fe514733000-7fe514735000 rw-p 00048000 08:01 13677                      /usr/lib/x86_64-linux-gnu/libgssapi_krb5.so.2.2
7fe514735000-7fe51494f000 r-xp 00000000 08:01 267061                     /lib/x86_64-linux-gnu/libcrypto.so.1.0.0
7fe51494f000-7fe514b4e000 ---p 0021a000 08:01 267061                     /lib/x86_64-linux-gnu/libcrypto.so.1.0.0
7fe514b4e000-7fe514b6a000 r--p 00219000 08:01 267061                     /lib/x86_64-linux-gnu/libcrypto.so.1.0.0
7fe514b6a000-7fe514b76000 rw-p 00235000 08:01 267061                     /lib/x86_64-linux-gnu/libcrypto.so.1.0.0
7fe514b76000-7fe514b79000 rw-p 00000000 00:00 0 
7fe514b79000-7fe514bd7000 r-xp 00000000 08:01 267215                     /lib/x86_64-linux-gnu/libssl.so.1.0.0
7fe514bd7000-7fe514dd7000 ---p 0005e000 08:01 267215                     /lib/x86_64-linux-gnu/libssl.so.1.0.0
7fe514dd7000-7fe514ddb000 r--p 0005e000 08:01 267215                     /lib/x86_64-linux-gnu/libssl.so.1.0.0
7fe514ddb000-7fe514de2000 rw-p 00062000 08:01 267215                     /lib/x86_64-linux-gnu/libssl.so.1.0.0
7fe514de2000-7fe514dfd000 r-xp 00000000 08:01 14182                      /usr/lib/x86_64-linux-gnu/librtmp.so.1
7fe514dfd000-7fe514ffc000 ---p 0001b000 08:01 14182                      /usr/lib/x86_64-linux-gnu/librtmp.so.1
7fe514ffc000-7fe514ffd000 r--p 0001a000 08:01 14182                      /usr/lib/x86_64-linux-gnu/librtmp.so.1
7fe514ffd000-7fe514ffe000 rw-p 0001b000 08:01 14182                      /usr/lib/x86_64-linux-gnu/librtmp.so.1
7fe514ffe000-7fe51502f000 r-xp 00000000 08:01 13807                      /usr/lib/x86_64-linux-gnu/libidn.so.11.6.15
7fe51502f000-7fe51522f000 ---p 00031000 08:01 13807                      /usr/lib/x86_64-linux-gnu/libidn.so.11.6.15
7fe51522f000-7fe515230000 r--p 00031000 08:01 13807                      /usr/lib/x86_64-linux-gnu/libidn.so.11.6.15
7fe515230000-7fe515231000 rw-p 00032000 08:01 13807                      /usr/lib/x86_64-linux-gnu/libidn.so.11.6.15
7fe515231000-7fe51529c000 r-xp 00000000 08:01 13354                      /usr/lib/x86_64-linux-gnu/libcurl.so.4.4.0
7fe51529c000-7fe51549c000 ---p 0006b000 08:01 13354                      /usr/lib/x86_64-linux-gnu/libcurl.so.4.4.0
7fe51549c000-7fe51549f000 r--p 0006b000 08:01 13354                      /usr/lib/x86_64-linux-gnu/libcurl.so.4.4.0
7fe51549f000-7fe5154a0000 rw-p 0006e000 08:01 13354                      /usr/lib/x86_64-linux-gnu/libcurl.so.4.4.0
7fe5154a0000-7fe5154be000 r-xp 00000000 08:01 320334                     /home/user/.rvm/gems/ruby-2.2.3/gems/curb-0.9.6/lib/curb_core.so
7fe5154be000-7fe5156be000 ---p 0001e000 08:01 320334                     /home/user/.rvm/gems/ruby-2.2.3/gems/curb-0.9.6/lib/curb_core.so
7fe5156be000-7fe5156bf000 r--p 0001e000 08:01 320334                     /home/user/.rvm/gems/ruby-2.2.3/gems/curb-0.9.6/lib/curb_core.so
7fe5156bf000-7fe5156c0000 rw-p 0001f000 08:01 320334                     /home/user/.rvm/gems/ruby-2.2.3/gems/curb-0.9.6/lib/curb_core.so
7fe5156c0000-7fe5156c1000 rw-p 00000000 00:00 0 
7fe5156c1000-7fe5156c9000 r-xp 00000000 08:01 547525                     /home/user/.rvm/rubies/ruby-2.2.3/lib/ruby/2.2.0/x86_64-linux/stringio.so
7fe5156c9000-7fe5158c8000 ---p 00008000 08:01 547525                     /home/user/.rvm/rubies/ruby-2.2.3/lib/ruby/2.2.0/x86_64-linux/stringio.so
7fe5158c8000-7fe5158c9000 r--p 00007000 08:01 547525                     /home/user/.rvm/rubies/ruby-2.2.3/lib/ruby/2.2.0/x86_64-linux/stringio.so
7fe5158c9000-7fe5158ca000 rw-p 00008000 08:01 547525                     /home/user/.rvm/rubies/ruby-2.2.3/lib/ruby/2.2.0/x86_64-linux/stringio.so
7fe5158ca000-7fe5158cd000 r-xp 00000000 08:01 547518                     /home/user/.rvm/rubies/ruby-2.2.3/lib/ruby/2.2.0/x86_64-linux/thread.so
7fe5158cd000-7fe515acd000 ---p 00003000 08:01 547518                     /home/user/.rvm/rubies/ruby-2.2.3/lib/ruby/2.2.0/x86_64-linux/thread.so
7fe515acd000-7fe515ace000 r--p 00003000 08:01 547518                     /home/user/.rvm/rubies/ruby-2.2.3/lib/ruby/2.2.0/x86_64-linux/thread.so
7fe515ace000-7fe515acf000 rw-p 00004000 08:01 547518                     /home/user/.rvm/rubies/ruby-2.2.3/lib/ruby/2.2.0/x86_64-linux/thread.so
7fe515acf000-7fe515ad1000 r-xp 00000000 08:01 547572                     /home/user/.rvm/rubies/ruby-2.2.3/lib/ruby/2.2.0/x86_64-linux/enc/trans/transdb.so
7fe515ad1000-7fe515cd1000 ---p 00002000 08:01 547572                     /home/user/.rvm/rubies/ruby-2.2.3/lib/ruby/2.2.0/x86_64-linux/enc/trans/transdb.so
7fe515cd1000-7fe515cd2000 r--p 00002000 08:01 547572                     /home/user/.rvm/rubies/ruby-2.2.3/lib/ruby/2.2.0/x86_64-linux/enc/trans/transdb.so
7fe515cd2000-7fe515cd3000 rw-p 00003000 08:01 547572                     /home/user/.rvm/rubies/ruby-2.2.3/lib/ruby/2.2.0/x86_64-linux/enc/trans/transdb.so
7fe515cd3000-7fe515cd5000 r-xp 00000000 08:01 547538                     /home/user/.rvm/rubies/ruby-2.2.3/lib/ruby/2.2.0/x86_64-linux/enc/encdb.so
7fe515cd5000-7fe515ed4000 ---p 00002000 08:01 547538                     /home/user/.rvm/rubies/ruby-2.2.3/lib/ruby/2.2.0/x86_64-linux/enc/encdb.so
7fe515ed4000-7fe515ed5000 r--p 00001000 08:01 547538                     /home/user/.rvm/rubies/ruby-2.2.3/lib/ruby/2.2.0/x86_64-linux/enc/encdb.so
7fe515ed5000-7fe515ed6000 rw-p 00002000 08:01 547538                     /home/user/.rvm/rubies/ruby-2.2.3/lib/ruby/2.2.0/x86_64-linux/enc/encdb.so
7fe515ed6000-7fe516896000 r--p 00000000 08:01 9181                       /usr/lib/locale/locale-archive
7fe516896000-7fe51699e000 r-xp 00000000 08:01 267119                     /lib/x86_64-linux-gnu/libm-2.23.so
7fe51699e000-7fe516b9d000 ---p 00108000 08:01 267119                     /lib/x86_64-linux-gnu/libm-2.23.so
7fe516b9d000-7fe516b9e000 r--p 00107000 08:01 267119                     /lib/x86_64-linux-gnu/libm-2.23.so
7fe516b9e000-7fe516b9f000 rw-p 00108000 08:01 267119                     /lib/x86_64-linux-gnu/libm-2.23.so
7fe516b9f000-7fe516ba8000 r-xp 00000000 08:01 267059                     /lib/x86_64-linux-gnu/libcrypt-2.23.so
7fe516ba8000-7fe516da7000 ---p 00009000 08:01 267059                     /lib/x86_64-linux-gnu/libcrypt-2.23.so
7fe516da7000-7fe516da8000 r--p 00008000 08:01 267059                     /lib/x86_64-linux-gnu/libcrypt-2.23.so
7fe516da8000-7fe516da9000 rw-p 00009000 08:01 267059                     /lib/x86_64-linux-gnu/libcrypt-2.23.so
7fe516da9000-7fe516dd7000 rw-p 00000000 00:00 0 
7fe516dd7000-7fe516dda000 r-xp 00000000 08:01 267073                     /lib/x86_64-linux-gnu/libdl-2.23.so
7fe516dda000-7fe516fd9000 ---p 00003000 08:01 267073                     /lib/x86_64-linux-gnu/libdl-2.23.so
7fe516fd9000-7fe516fda000 r--p 00002000 08:01 267073                     /lib/x86_64-linux-gnu/libdl-2.23.so
7fe516fda000-7fe516fdb000 rw-p 00003000 08:01 267073                     /lib/x86_64-linux-gnu/libdl-2.23.so
7fe516fdb000-7fe516ff3000 r-xp 00000000 08:01 267195                     /lib/x86_64-linux-gnu/libpthread-2.23.so
7fe516ff3000-7fe5171f2000 ---p 00018000 08:01 267195                     /lib/x86_64-linux-gnu/libpthread-2.23.so
7fe5171f2000-7fe5171f3000 r--p 00017000 08:01 267195                     /lib/x86_64-linux-gnu/libpthread-2.23.so
7fe5171f3000-7fe5171f4000 rw-p 00018000 08:01 267195                     /lib/x86_64-linux-gnu/libpthread-2.23.so
7fe5171f4000-7fe5171f8000 rw-p 00000000 00:00 0 
7fe5171f8000-7fe5173b8000 r-xp 00000000 08:01 267049                     /lib/x86_64-linux-gnu/libc-2.23.so
7fe5173b8000-7fe5175b8000 ---p 001c0000 08:01 267049                     /lib/x86_64-linux-gnu/libc-2.23.so
7fe5175b8000-7fe5175bc000 r--p 001c0000 08:01 267049                     /lib/x86_64-linux-gnu/libc-2.23.so
7fe5175bc000-7fe5175be000 rw-p 001c4000 08:01 267049                     /lib/x86_64-linux-gnu/libc-2.23.so
7fe5175be000-7fe5175c2000 rw-p 00000000 00:00 0 
7fe5175c2000-7fe517879000 r-xp 00000000 08:01 438963                     /home/user/.rvm/rubies/ruby-2.2.3/lib/libruby.so.2.2.0
7fe517879000-7fe517a79000 ---p 002b7000 08:01 438963                     /home/user/.rvm/rubies/ruby-2.2.3/lib/libruby.so.2.2.0
7fe517a79000-7fe517a7e000 r--p 002b7000 08:01 438963                     /home/user/.rvm/rubies/ruby-2.2.3/lib/libruby.so.2.2.0
7fe517a7e000-7fe517a81000 rw-p 002bc000 08:01 438963                     /home/user/.rvm/rubies/ruby-2.2.3/lib/libruby.so.2.2.0
7fe517a81000-7fe517a92000 rw-p 00000000 00:00 0 
7fe517a92000-7fe517ab8000 r-xp 00000000 08:01 267021                     /lib/x86_64-linux-gnu/ld-2.23.so
7fe517b09000-7fe517b78000 r--s 00000000 08:01 13354                      /usr/lib/x86_64-linux-gnu/libcurl.so.4.4.0
7fe517b78000-7fe517b9b000 r--s 00000000 08:01 438977                     /home/user/.rvm/rubies/ruby-2.2.3/bin/ruby
7fe517b9b000-7fe517ca0000 rw-p 00000000 00:00 0 
7fe517cb2000-7fe517cb3000 ---p 00000000 00:00 0 
7fe517cb3000-7fe517cb7000 rw-p 00000000 00:00 0 
7fe517cb7000-7fe517cb8000 r--p 00025000 08:01 267021                     /lib/x86_64-linux-gnu/ld-2.23.so
7fe517cb8000-7fe517cb9000 rw-p 00026000 08:01 267021                     /lib/x86_64-linux-gnu/ld-2.23.so
7fe517cb9000-7fe517cba000 rw-p 00000000 00:00 0 
7ffcb8464000-7ffcb8c64000 rw-p 00000000 00:00 0                          [stack]
7ffcb8d36000-7ffcb8d39000 r--p 00000000 00:00 0                          [vvar]
7ffcb8d39000-7ffcb8d3b000 r-xp 00000000 00:00 0                          [vdso]
ffffffffff600000-ffffffffff601000 r-xp 00000000 00:00 0                  [vsyscall]


[NOTE]
You may have encountered a bug in the Ruby interpreter or extension libraries.
Bug reports are welcome.
For details: http://www.ruby-lang.org/bugreport.html


Script done on Суб 15 Врс 2018 12:28:59
